<?xml version="1.0"?>
<testsuite name="Chrome 70.0.3538 (Windows 10 0.0.0)" package="" timestamp="2018-11-28T16:31:15" id="0" hostname="DESKTOP-MNUV28M" tests="179" errors="0" failures="1" time="17.255">
  <properties>
    <property name="browser.fullName" value="Mozilla/5.0 (Windows NT 10.0; Win64; x64) AppleWebKit/537.36 (KHTML, like Gecko) Chrome/70.0.3538.102 Safari/537.36"/>
  </properties>
  <testcase name="SignupProcessComponent should initialize user and update whereInTheProcess" time="0.583" classname="Chrome_70_0_3538_(Windows_10_0_0_0).SignupProcessComponent"/>
  <testcase name="SignupProcessComponent should initialize " time="0.381" classname="Chrome_70_0_3538_(Windows_10_0_0_0).SignupProcessComponent"/>
  <testcase name="AddPolicyComponent should return the true checkbox value" time="0.316" classname="Chrome_70_0_3538_(Windows_10_0_0_0).AddPolicyComponent"/>
  <testcase name="AddPolicyComponent should add policy to the userObject" time="0" classname="Chrome_70_0_3538_(Windows_10_0_0_0).AddPolicyComponent">
    <skipped/>
  </testcase>
  <testcase name="AddPolicyComponent should throw error and redirect to signup/policybelongstoanother" time="0.323" classname="Chrome_70_0_3538_(Windows_10_0_0_0).AddPolicyComponent"/>
  <testcase name="AddPolicyComponent should throw error and redirect to signup/addpolicy" time="0.331" classname="Chrome_70_0_3538_(Windows_10_0_0_0).AddPolicyComponent"/>
  <testcase name="AddPolicyComponent should return the false checkbox value" time="0.303" classname="Chrome_70_0_3538_(Windows_10_0_0_0).AddPolicyComponent"/>
  <testcase name="AddPolicyComponent should verify policy and route user to createpassword page" time="0.291" classname="Chrome_70_0_3538_(Windows_10_0_0_0).AddPolicyComponent"/>
  <testcase name="AddPolicyComponent should throw error and redirect to signup/notfound" time="0.357" classname="Chrome_70_0_3538_(Windows_10_0_0_0).AddPolicyComponent"/>
  <testcase name="ChangeAddressComponent should create" time="0" classname="Chrome_70_0_3538_(Windows_10_0_0_0).ChangeAddressComponent">
    <skipped/>
  </testcase>
  <testcase name="ProfileConfirmModalComponent should create" time="0" classname="Chrome_70_0_3538_(Windows_10_0_0_0).ProfileConfirmModalComponent">
    <skipped/>
  </testcase>
  <testcase name="InformationRenewalComponent should create" time="0" classname="Chrome_70_0_3538_(Windows_10_0_0_0).InformationRenewalComponent">
    <skipped/>
  </testcase>
  <testcase name="ProfileConfirmModalService should be created" time="0" classname="Chrome_70_0_3538_(Windows_10_0_0_0).ProfileConfirmModalService">
    <skipped/>
  </testcase>
  <testcase name="ProfileSettingsComponent should create" time="0" classname="Chrome_70_0_3538_(Windows_10_0_0_0).ProfileSettingsComponent">
    <skipped/>
  </testcase>
  <testcase name="EditPolicyService should return formbase to edit policy service" time="0.016" classname="Chrome_70_0_3538_(Windows_10_0_0_0).EditPolicyService"/>
  <testcase name="ClaimsAccordianFaqComponent should create" time="0" classname="Chrome_70_0_3538_(Windows_10_0_0_0).ClaimsAccordianFaqComponent">
    <skipped/>
  </testcase>
  <testcase name="DashboardComponent should create" time="0" classname="Chrome_70_0_3538_(Windows_10_0_0_0).DashboardComponent">
    <skipped/>
  </testcase>
  <testcase name="ProfileCheckingAccountComponent should create" time="0" classname="Chrome_70_0_3538_(Windows_10_0_0_0).ProfileCheckingAccountComponent">
    <skipped/>
  </testcase>
  <testcase name="ProfileEditEmailComponent should create" time="0" classname="Chrome_70_0_3538_(Windows_10_0_0_0).ProfileEditEmailComponent">
    <skipped/>
  </testcase>
  <testcase name="ClaimsReportComponent should create" time="0" classname="Chrome_70_0_3538_(Windows_10_0_0_0).ClaimsReportComponent">
    <skipped/>
  </testcase>
  <testcase name="ProfileSettingsRoutingService should be created" time="0" classname="Chrome_70_0_3538_(Windows_10_0_0_0).ProfileSettingsRoutingService">
    <skipped/>
  </testcase>
  <testcase name="InformationMainComponent should create" time="0" classname="Chrome_70_0_3538_(Windows_10_0_0_0).InformationMainComponent">
    <skipped/>
  </testcase>
  <testcase name="MiscColumnComponent should create" time="0" classname="Chrome_70_0_3538_(Windows_10_0_0_0).MiscColumnComponent">
    <skipped/>
  </testcase>
  <testcase name="ProfilePhoneComponent should create" time="0" classname="Chrome_70_0_3538_(Windows_10_0_0_0).ProfilePhoneComponent">
    <skipped/>
  </testcase>
  <testcase name="EditPasswordService should return the password textbox" time="0.015" classname="Chrome_70_0_3538_(Windows_10_0_0_0).EditPasswordService"/>
  <testcase name="CreateNewPasswordComponent should set successChangePassword to true" time="0.114" classname="Chrome_70_0_3538_(Windows_10_0_0_0).CreateNewPasswordComponent"/>
  <testcase name="CreateNewPasswordComponent should create" time="0.124" classname="Chrome_70_0_3538_(Windows_10_0_0_0).CreateNewPasswordComponent"/>
  <testcase name="CreateNewPasswordComponent should set successpassword property to true" time="0.115" classname="Chrome_70_0_3538_(Windows_10_0_0_0).CreateNewPasswordComponent"/>
  <testcase name="CreateNewPasswordComponent should verify for the invalid token" time="0.098" classname="Chrome_70_0_3538_(Windows_10_0_0_0).CreateNewPasswordComponent"/>
  <testcase name="CreateNewPasswordComponent should call isTockenValid if route params exists" time="0.1" classname="Chrome_70_0_3538_(Windows_10_0_0_0).CreateNewPasswordComponent"/>
  <testcase name="CreateNewPasswordComponent should return false if the token is invalid" time="0.104" classname="Chrome_70_0_3538_(Windows_10_0_0_0).CreateNewPasswordComponent"/>
  <testcase name="CreateNewPasswordComponent should set successChangePassword to false" time="0.122" classname="Chrome_70_0_3538_(Windows_10_0_0_0).CreateNewPasswordComponent"/>
  <testcase name="CreateNewPasswordComponent should verify if the token is valid" time="0.102" classname="Chrome_70_0_3538_(Windows_10_0_0_0).CreateNewPasswordComponent"/>
  <testcase name="AccountHeaderComponent should create" time="0" classname="Chrome_70_0_3538_(Windows_10_0_0_0).AccountHeaderComponent">
    <skipped/>
  </testcase>
  <testcase name="CheckingAccountFormComponent should create" time="0" classname="Chrome_70_0_3538_(Windows_10_0_0_0).CheckingAccountFormComponent">
    <skipped/>
  </testcase>
  <testcase name="InformationProductsComponent should create" time="0" classname="Chrome_70_0_3538_(Windows_10_0_0_0).InformationProductsComponent">
    <skipped/>
  </testcase>
  <testcase name="LoginFormComponent should get the email and password login form " time="0.244" classname="Chrome_70_0_3538_(Windows_10_0_0_0).LoginFormComponent"/>
  <testcase name="LoginFormComponent should throw error if invalid email/password" time="0.203" classname="Chrome_70_0_3538_(Windows_10_0_0_0).LoginFormComponent"/>
  <testcase name="LoginFormComponent should set the expiry of the cookie" time="0.229" classname="Chrome_70_0_3538_(Windows_10_0_0_0).LoginFormComponent"/>
  <testcase name="LoginFormComponent should set rememberMe field of component" time="0.274" classname="Chrome_70_0_3538_(Windows_10_0_0_0).LoginFormComponent"/>
  <testcase name="LoginFormComponent should redirect to /forgotpassword if email pattern does not match" time="0" classname="Chrome_70_0_3538_(Windows_10_0_0_0).LoginFormComponent">
    <skipped/>
  </testcase>
  <testcase name="LoginFormComponent it should login and navigate to my-insurance if there are no returnurl paramaters" time="0.219" classname="Chrome_70_0_3538_(Windows_10_0_0_0).LoginFormComponent"/>
  <testcase name="LoginFormComponent should do nothing if user property is false" time="0.245" classname="Chrome_70_0_3538_(Windows_10_0_0_0).LoginFormComponent"/>
  <testcase name="LoginFormComponent should test Initialization of a component" time="0" classname="Chrome_70_0_3538_(Windows_10_0_0_0).LoginFormComponent">
    <skipped/>
  </testcase>
  <testcase name="DocumentDetailsComponent should create" time="0" classname="Chrome_70_0_3538_(Windows_10_0_0_0).DocumentDetailsComponent">
    <skipped/>
  </testcase>
  <testcase name="EditPhoneService should return the phone formbase" time="0" classname="Chrome_70_0_3538_(Windows_10_0_0_0).EditPhoneService">
    <skipped/>
  </testcase>
  <testcase name="EmailFormService should return the formbase for email" time="0.017" classname="Chrome_70_0_3538_(Windows_10_0_0_0).EmailFormService"/>
  <testcase name="SignUpGuard should not route when user there is no user observable" time="0.02" classname="Chrome_70_0_3538_(Windows_10_0_0_0).SignUpGuard"/>
  <testcase name="SignUpGuard should be able to route when user has an observable" time="0.049" classname="Chrome_70_0_3538_(Windows_10_0_0_0).SignUpGuard"/>
  <testcase name="BillingComponent should create" time="0" classname="Chrome_70_0_3538_(Windows_10_0_0_0).BillingComponent">
    <skipped/>
  </testcase>
  <testcase name="ClaimsComponent should create" time="0" classname="Chrome_70_0_3538_(Windows_10_0_0_0).ClaimsComponent">
    <skipped/>
  </testcase>
  <testcase name="PolicyBelongToAnotherScreenComponent should create usr object" time="0.406" classname="Chrome_70_0_3538_(Windows_10_0_0_0).PolicyBelongToAnotherScreenComponent"/>
  <testcase name="PolicyBelongToAnotherScreenComponent should redirect ro createpassword page" time="0.403" classname="Chrome_70_0_3538_(Windows_10_0_0_0).PolicyBelongToAnotherScreenComponent"/>
  <testcase name="PolicyBelongToAnotherScreenComponent should throw error" time="0.322" classname="Chrome_70_0_3538_(Windows_10_0_0_0).PolicyBelongToAnotherScreenComponent"/>
  <testcase name="CreateNewPasswordFormService should create new password form" time="0" classname="Chrome_70_0_3538_(Windows_10_0_0_0).CreateNewPasswordFormService">
    <skipped/>
  </testcase>
  <testcase name="DocumentsComponent should create" time="0" classname="Chrome_70_0_3538_(Windows_10_0_0_0).DocumentsComponent">
    <skipped/>
  </testcase>
  <testcase name="BillingDetailsComponent should create" time="0" classname="Chrome_70_0_3538_(Windows_10_0_0_0).BillingDetailsComponent">
    <skipped/>
  </testcase>
  <testcase name="CreatePasswordFormComponent should call createPassword method" time="0" classname="Chrome_70_0_3538_(Windows_10_0_0_0).CreatePasswordFormComponent">
    <skipped/>
  </testcase>
  <testcase name="CreatePasswordFormComponent should call updatePassword method" time="0" classname="Chrome_70_0_3538_(Windows_10_0_0_0).CreatePasswordFormComponent">
    <skipped/>
  </testcase>
  <testcase name="CreatePasswordFormComponent should redirect user to verify account" time="0" classname="Chrome_70_0_3538_(Windows_10_0_0_0).CreatePasswordFormComponent">
    <skipped/>
  </testcase>
  <testcase name="CreatePasswordFormComponent should initializes parameters oninitialization" time="0" classname="Chrome_70_0_3538_(Windows_10_0_0_0).CreatePasswordFormComponent">
    <skipped/>
  </testcase>
  <testcase name="ApartmentPipePipe create an instance" time="0" classname="Chrome_70_0_3538_(Windows_10_0_0_0).ApartmentPipePipe">
    <skipped/>
  </testcase>
  <testcase name="NoClaimsComponent should create" time="0" classname="Chrome_70_0_3538_(Windows_10_0_0_0).NoClaimsComponent">
    <skipped/>
  </testcase>
  <testcase name="AddressChangeComponent should create" time="0" classname="Chrome_70_0_3538_(Windows_10_0_0_0).AddressChangeComponent">
    <skipped/>
  </testcase>
  <testcase name="OnboardingWalletFrontComponent should create" time="0" classname="Chrome_70_0_3538_(Windows_10_0_0_0).OnboardingWalletFrontComponent">
    <skipped/>
  </testcase>
  <testcase name="AuthGuard should not route when user is not logged in" time="0.022" classname="Chrome_70_0_3538_(Windows_10_0_0_0).AuthGuard"/>
  <testcase name="AuthGuard should be able to route when user is logged in" time="0.02" classname="Chrome_70_0_3538_(Windows_10_0_0_0).AuthGuard"/>
  <testcase name="CheckingAccountService should return the checking account formbase" time="0" classname="Chrome_70_0_3538_(Windows_10_0_0_0).CheckingAccountService">
    <skipped/>
  </testcase>
  <testcase name="PolicyDetailsComponent should create" time="0" classname="Chrome_70_0_3538_(Windows_10_0_0_0).PolicyDetailsComponent">
    <skipped/>
  </testcase>
  <testcase name="DashboardComponent should create" time="0" classname="Chrome_70_0_3538_(Windows_10_0_0_0).DashboardComponent">
    <skipped/>
  </testcase>
  <testcase name="InformationLegalComponent should create" time="0" classname="Chrome_70_0_3538_(Windows_10_0_0_0).InformationLegalComponent">
    <skipped/>
  </testcase>
  <testcase name="EditPolicyComponent should create user object" time="0.342" classname="Chrome_70_0_3538_(Windows_10_0_0_0).EditPolicyComponent"/>
  <testcase name="EditPolicyComponent should edit the policy" time="0.315" classname="Chrome_70_0_3538_(Windows_10_0_0_0).EditPolicyComponent"/>
  <testcase name="EditPolicyComponent should throw error and redirect to signup/policybelongstoanother" time="0.285" classname="Chrome_70_0_3538_(Windows_10_0_0_0).EditPolicyComponent"/>
  <testcase name="EditPolicyComponent should get the prefill data" time="0.246" classname="Chrome_70_0_3538_(Windows_10_0_0_0).EditPolicyComponent"/>
  <testcase name="EditPolicyComponent should Initialize" time="0.242" classname="Chrome_70_0_3538_(Windows_10_0_0_0).EditPolicyComponent"/>
  <testcase name="EditPolicyComponent should throw error and redirect to signup/notfound" time="0.362" classname="Chrome_70_0_3538_(Windows_10_0_0_0).EditPolicyComponent"/>
  <testcase name="EditPolicyComponent should throw error and redirect to signup/bop" time="0.308" classname="Chrome_70_0_3538_(Windows_10_0_0_0).EditPolicyComponent"/>
  <testcase name="EditPolicyComponent should create" time="0.273" classname="Chrome_70_0_3538_(Windows_10_0_0_0).EditPolicyComponent"/>
  <testcase name="ContactComponent should create" time="0" classname="Chrome_70_0_3538_(Windows_10_0_0_0).ContactComponent">
    <skipped/>
  </testcase>
  <testcase name="LoginService should return formbase for creating login form" time="0.014" classname="Chrome_70_0_3538_(Windows_10_0_0_0).LoginService"/>
  <testcase name="AccountMainComponent should create" time="0" classname="Chrome_70_0_3538_(Windows_10_0_0_0).AccountMainComponent">
    <skipped/>
  </testcase>
  <testcase name="estingService should be created" time="0" classname="Chrome_70_0_3538_(Windows_10_0_0_0).estingService">
    <skipped/>
  </testcase>
  <testcase name="ChangePasswordFormComponent should create" time="0" classname="Chrome_70_0_3538_(Windows_10_0_0_0).ChangePasswordFormComponent">
    <skipped/>
  </testcase>
  <testcase name="ForgotPasswordComponent should get email from parameter" time="0.12" classname="Chrome_70_0_3538_(Windows_10_0_0_0).ForgotPasswordComponent"/>
  <testcase name="ForgotPasswordComponent should create" time="0.134" classname="Chrome_70_0_3538_(Windows_10_0_0_0).ForgotPasswordComponent"/>
  <testcase name="ForgotPasswordComponent should set showConfirmation to true" time="0.145" classname="Chrome_70_0_3538_(Windows_10_0_0_0).ForgotPasswordComponent"/>
  <testcase name="ForgotPasswordComponent should call method getEmailFromParamater" time="0.124" classname="Chrome_70_0_3538_(Windows_10_0_0_0).ForgotPasswordComponent"/>
  <testcase name="ForgotPasswordComponent should set the emailInputs" time="0.11" classname="Chrome_70_0_3538_(Windows_10_0_0_0).ForgotPasswordComponent"/>
  <testcase name="InformationCancelComponent should create" time="0" classname="Chrome_70_0_3538_(Windows_10_0_0_0).InformationCancelComponent">
    <skipped/>
  </testcase>
  <testcase name="AuthGuard should not route when user has no observable" time="0.012" classname="Chrome_70_0_3538_(Windows_10_0_0_0).AuthGuard"/>
  <testcase name="AuthGuard should be able to route when user has an observable" time="0.021" classname="Chrome_70_0_3538_(Windows_10_0_0_0).AuthGuard"/>
  <testcase name="DetailsComponent should create" time="0" classname="Chrome_70_0_3538_(Windows_10_0_0_0).DetailsComponent">
    <skipped/>
  </testcase>
  <testcase name="EmailUseScreenComponent should create" time="0" classname="Chrome_70_0_3538_(Windows_10_0_0_0).EmailUseScreenComponent">
    <skipped/>
  </testcase>
  <testcase name="WalletCardComponent should call the wallet card service to generate the pk pass" time="0.05" classname="Chrome_70_0_3538_(Windows_10_0_0_0).WalletCardComponent"/>
  <testcase name="WalletCardService should return the Policy details" time="0.031" classname="Chrome_70_0_3538_(Windows_10_0_0_0).WalletCardService"/>
  <testcase name="OnboardingWalletBackComponent should create" time="0" classname="Chrome_70_0_3538_(Windows_10_0_0_0).OnboardingWalletBackComponent">
    <skipped/>
  </testcase>
  <testcase name="CreateAccountFormComponent should update the user object" time="0.247" classname="Chrome_70_0_3538_(Windows_10_0_0_0).CreateAccountFormComponent"/>
  <testcase name="CreateAccountFormComponent should create the user object" time="0.285" classname="Chrome_70_0_3538_(Windows_10_0_0_0).CreateAccountFormComponent"/>
  <testcase name="CreateAccountFormComponent should throw error and redirect to signup/emailinuse" time="0.263" classname="Chrome_70_0_3538_(Windows_10_0_0_0).CreateAccountFormComponent"/>
  <testcase name="CreateAccountFormComponent should call register() to register the user" time="0.253" classname="Chrome_70_0_3538_(Windows_10_0_0_0).CreateAccountFormComponent"/>
  <testcase name="CreateAccountFormComponent should throw error and redirect to signup/addpolicy" time="0.342" classname="Chrome_70_0_3538_(Windows_10_0_0_0).CreateAccountFormComponent"/>
  <testcase name="OnboardingWalletModalComponent should create" time="0" classname="Chrome_70_0_3538_(Windows_10_0_0_0).OnboardingWalletModalComponent">
    <skipped/>
  </testcase>
  <testcase name="InformationDiscountsComponent should create" time="0" classname="Chrome_70_0_3538_(Windows_10_0_0_0).InformationDiscountsComponent">
    <skipped/>
  </testcase>
  <testcase name="LoginComponent should get the inputs" time="0.101" classname="Chrome_70_0_3538_(Windows_10_0_0_0).LoginComponent"/>
  <testcase name="LoginComponent should get the null inputs" time="0.075" classname="Chrome_70_0_3538_(Windows_10_0_0_0).LoginComponent"/>
  <testcase name="EditEmailService should return the email textbox" time="0.011" classname="Chrome_70_0_3538_(Windows_10_0_0_0).EditEmailService"/>
  <testcase name="OnboardingWalletBackListComponent should create" time="0" classname="Chrome_70_0_3538_(Windows_10_0_0_0).OnboardingWalletBackListComponent">
    <skipped/>
  </testcase>
  <testcase name="SignupComponent should get the null inputs" time="0.094" classname="Chrome_70_0_3538_(Windows_10_0_0_0).SignupComponent"/>
  <testcase name="SignupComponent should get the inputs" time="0.077" classname="Chrome_70_0_3538_(Windows_10_0_0_0).SignupComponent"/>
  <testcase name="CustomDateFormatPipe create an instance" time="0" classname="Chrome_70_0_3538_(Windows_10_0_0_0).CustomDateFormatPipe">
    <skipped/>
  </testcase>
  <testcase name="BopScreenComponent should create" time="0.038" classname="Chrome_70_0_3538_(Windows_10_0_0_0).BopScreenComponent"/>
  <testcase name="VerifyAccountScreenComponent should create" time="0" classname="Chrome_70_0_3538_(Windows_10_0_0_0).VerifyAccountScreenComponent">
    <skipped/>
  </testcase>
  <testcase name="InformationHomeComponent should create" time="0" classname="Chrome_70_0_3538_(Windows_10_0_0_0).InformationHomeComponent">
    <skipped/>
  </testcase>
  <testcase name="TestingComponent should create" time="0" classname="Chrome_70_0_3538_(Windows_10_0_0_0).TestingComponent">
    <skipped/>
  </testcase>
  <testcase name="InformationComponent should create" time="0" classname="Chrome_70_0_3538_(Windows_10_0_0_0).InformationComponent">
    <skipped/>
  </testcase>
  <testcase name="ChangeAddressService should be created" time="0" classname="Chrome_70_0_3538_(Windows_10_0_0_0).ChangeAddressService">
    <skipped/>
  </testcase>
  <testcase name="AuthenticationService should verify the token for forgotpassword" time="0.012" classname="Chrome_70_0_3538_(Windows_10_0_0_0).AuthenticationService"/>
  <testcase name="AuthenticationService should verify the user" time="1.034" classname="Chrome_70_0_3538_(Windows_10_0_0_0).AuthenticationService">
    <failure type="">Failed: Expected one matching request for criteria "Match URL: https://10.175.0.168:443/apis/accounts/user@policies.com", found none.
Error: Expected one matching request for criteria "Match URL: https://10.175.0.168:443/apis/accounts/user@policies.com", found none.
    at HttpClientTestingBackend.push../node_modules/@angular/common/fesm5/http/testing.js.HttpClientTestingBackend.expectOne (http://localhost:9876/node_modules/@angular/common/fesm5/http/testing.js?:292:1)
    at UserContext.&lt;anonymous&gt; (http://localhost:9876/src/app/_services/_iam/authentication-service.service.spec.ts?:223:26)
    at ZoneDelegate../node_modules/zone.js/dist/zone.js.ZoneDelegate.invoke (http://localhost:9876/node_modules/zone.js/dist/zone.js?:388:1)
    at AsyncTestZoneSpec.push../node_modules/zone.js/dist/async-test.js.AsyncTestZoneSpec.onInvoke (http://localhost:9876/node_modules/zone.js/dist/async-test.js?:106:1)
    at ProxyZoneSpec.push../node_modules/zone.js/dist/proxy.js.ProxyZoneSpec.onInvoke (http://localhost:9876/node_modules/zone.js/dist/proxy.js?:125:1)
    at ZoneDelegate../node_modules/zone.js/dist/zone.js.ZoneDelegate.invoke (http://localhost:9876/node_modules/zone.js/dist/zone.js?:387:1)
    at Zone../node_modules/zone.js/dist/zone.js.Zone.runGuarded (http://localhost:9876/node_modules/zone.js/dist/zone.js?:151:1)
    at runInTestZone (http://localhost:9876/node_modules/zone.js/dist/async-test.js?:234:1)
    at UserContext.&lt;anonymous&gt; (http://localhost:9876/node_modules/zone.js/dist/async-test.js?:168:1)
    at ZoneDelegate../node_modules/zone.js/dist/zone.js.ZoneDelegate.invoke (http://localhost:9876/node_modules/zone.js/dist/zone.js?:388:1)
</failure>
    <failure type="">Error: Expected no open requests, found 1: POST https://10.175.0.168:443/apis/customers/accounts/user@policies.com
    at HttpClientTestingBackend.push../node_modules/@angular/common/fesm5/http/testing.js.HttpClientTestingBackend.verify (http://localhost:9876/node_modules/@angular/common/fesm5/http/testing.js?:326:1)
    at UserContext.&lt;anonymous&gt; (http://localhost:9876/src/app/_services/_iam/authentication-service.service.spec.ts?:40:14)
    at ZoneDelegate../node_modules/zone.js/dist/zone.js.ZoneDelegate.invoke (http://localhost:9876/node_modules/zone.js/dist/zone.js?:388:1)
    at ProxyZoneSpec.push../node_modules/zone.js/dist/proxy.js.ProxyZoneSpec.onInvoke (http://localhost:9876/node_modules/zone.js/dist/proxy.js?:128:1)
    at ZoneDelegate../node_modules/zone.js/dist/zone.js.ZoneDelegate.invoke (http://localhost:9876/node_modules/zone.js/dist/zone.js?:387:1)
    at Zone../node_modules/zone.js/dist/zone.js.Zone.run (http://localhost:9876/node_modules/zone.js/dist/zone.js?:138:1)
    at runInTestZone (http://localhost:9876/node_modules/zone.js/dist/jasmine-patch.js?:145:1)
    at UserContext.&lt;anonymous&gt; (http://localhost:9876/node_modules/zone.js/dist/jasmine-patch.js?:160:1)
    at &lt;Jasmine&gt;
</failure>
  </testcase>
  <testcase name="AuthenticationService should throw error for confirm policy and account" time="0.029" classname="Chrome_70_0_3538_(Windows_10_0_0_0).AuthenticationService"/>
  <testcase name="AuthenticationService should create a password" time="0" classname="Chrome_70_0_3538_(Windows_10_0_0_0).AuthenticationService">
    <skipped/>
  </testcase>
  <testcase name="AuthenticationService should send email on forgot password" time="0.03" classname="Chrome_70_0_3538_(Windows_10_0_0_0).AuthenticationService"/>
  <testcase name="AuthenticationService should login successfully" time="0" classname="Chrome_70_0_3538_(Windows_10_0_0_0).AuthenticationService">
    <skipped/>
  </testcase>
  <testcase name="AuthenticationService should not login successfully" time="0" classname="Chrome_70_0_3538_(Windows_10_0_0_0).AuthenticationService">
    <skipped/>
  </testcase>
  <testcase name="AuthenticationService should confirm policy and account" time="0" classname="Chrome_70_0_3538_(Windows_10_0_0_0).AuthenticationService">
    <skipped/>
  </testcase>
  <testcase name="AuthenticationService should verify the token for verifyaccount" time="0.02" classname="Chrome_70_0_3538_(Windows_10_0_0_0).AuthenticationService"/>
  <testcase name="AuthenticationService should throw error while login" time="0" classname="Chrome_70_0_3538_(Windows_10_0_0_0).AuthenticationService">
    <skipped/>
  </testcase>
  <testcase name="AuthenticationService should update the password" time="0.026" classname="Chrome_70_0_3538_(Windows_10_0_0_0).AuthenticationService"/>
  <testcase name="AuthenticationService should verify the policy" time="0.035" classname="Chrome_70_0_3538_(Windows_10_0_0_0).AuthenticationService"/>
  <testcase name="AuthenticationService should logout the user" time="0.034" classname="Chrome_70_0_3538_(Windows_10_0_0_0).AuthenticationService"/>
  <testcase name="AuthenticationService should not update the password" time="0.039" classname="Chrome_70_0_3538_(Windows_10_0_0_0).AuthenticationService"/>
  <testcase name="ReviewPolicyScreenComponent should create" time="0" classname="Chrome_70_0_3538_(Windows_10_0_0_0).ReviewPolicyScreenComponent">
    <skipped/>
  </testcase>
  <testcase name="ClaimsHomeClosedComponent should create" time="0" classname="Chrome_70_0_3538_(Windows_10_0_0_0).ClaimsHomeClosedComponent">
    <skipped/>
  </testcase>
  <testcase name="ClaimsHomePropertyComponent should create" time="0" classname="Chrome_70_0_3538_(Windows_10_0_0_0).ClaimsHomePropertyComponent">
    <skipped/>
  </testcase>
  <testcase name="ClaimsHomeComponent should create" time="0" classname="Chrome_70_0_3538_(Windows_10_0_0_0).ClaimsHomeComponent">
    <skipped/>
  </testcase>
  <testcase name="PolicyNotFoundScreenComponent should call get ovbservable on initialization" time="0.584" classname="Chrome_70_0_3538_(Windows_10_0_0_0).PolicyNotFoundScreenComponent"/>
  <testcase name="PolicyNotFoundScreenComponent should check the users credential and route them to my-insurance" time="0.537" classname="Chrome_70_0_3538_(Windows_10_0_0_0).PolicyNotFoundScreenComponent"/>
  <testcase name="PolicyNotFoundScreenComponent should update policy holdername and number" time="0.445" classname="Chrome_70_0_3538_(Windows_10_0_0_0).PolicyNotFoundScreenComponent"/>
  <testcase name="PolicyNotFoundScreenComponent should call updateObservable" time="0.533" classname="Chrome_70_0_3538_(Windows_10_0_0_0).PolicyNotFoundScreenComponent"/>
  <testcase name="PolicyNotFoundScreenComponent should check the users credential and route them to verifyaccount" time="0" classname="Chrome_70_0_3538_(Windows_10_0_0_0).PolicyNotFoundScreenComponent">
    <skipped/>
  </testcase>
  <testcase name="PolicyNotFoundScreenComponent should throw error and redirect to signup/notfound" time="0.508" classname="Chrome_70_0_3538_(Windows_10_0_0_0).PolicyNotFoundScreenComponent"/>
  <testcase name="PolicyNotFoundScreenComponent should throw error and redirect to signup/policybelongstoanother" time="0.447" classname="Chrome_70_0_3538_(Windows_10_0_0_0).PolicyNotFoundScreenComponent"/>
  <testcase name="PolicyNotFoundScreenComponent should throw error and redirect to signup/bop" time="0.483" classname="Chrome_70_0_3538_(Windows_10_0_0_0).PolicyNotFoundScreenComponent"/>
  <testcase name="ClaimsDetailComponent should create" time="0" classname="Chrome_70_0_3538_(Windows_10_0_0_0).ClaimsDetailComponent">
    <skipped/>
  </testcase>
  <testcase name="ContactScreenComponent should create" time="0" classname="Chrome_70_0_3538_(Windows_10_0_0_0).ContactScreenComponent">
    <skipped/>
  </testcase>
  <testcase name="SendEmailFormComponent should get email from existing parameters" time="0.081" classname="Chrome_70_0_3538_(Windows_10_0_0_0).SendEmailFormComponent"/>
  <testcase name="SendEmailFormComponent should send email id to authservice when forgot password" time="0.083" classname="Chrome_70_0_3538_(Windows_10_0_0_0).SendEmailFormComponent"/>
  <testcase name="SendEmailFormComponent should check is valid method" time="0.078" classname="Chrome_70_0_3538_(Windows_10_0_0_0).SendEmailFormComponent"/>
  <testcase name="SendEmailFormComponent should run getEmailParameter on initialization" time="0.058" classname="Chrome_70_0_3538_(Windows_10_0_0_0).SendEmailFormComponent"/>
  <testcase name="ProfileMainComponent should create" time="0" classname="Chrome_70_0_3538_(Windows_10_0_0_0).ProfileMainComponent">
    <skipped/>
  </testcase>
  <testcase name="CreateAccountService should return formbase to create account service" time="0.011" classname="Chrome_70_0_3538_(Windows_10_0_0_0).CreateAccountService"/>
  <testcase name="ProfileComponent should create" time="0" classname="Chrome_70_0_3538_(Windows_10_0_0_0).ProfileComponent">
    <skipped/>
  </testcase>
  <testcase name="WelcomeComponent should create" time="0.03" classname="Chrome_70_0_3538_(Windows_10_0_0_0).WelcomeComponent"/>
  <testcase name="UserInfoService should be created" time="0" classname="Chrome_70_0_3538_(Windows_10_0_0_0).UserInfoService">
    <skipped/>
  </testcase>
  <testcase name="ClaimsNavigationComponent should create" time="0" classname="Chrome_70_0_3538_(Windows_10_0_0_0).ClaimsNavigationComponent">
    <skipped/>
  </testcase>
  <testcase name="ChangePhoneComponent should create" time="0" classname="Chrome_70_0_3538_(Windows_10_0_0_0).ChangePhoneComponent">
    <skipped/>
  </testcase>
  <testcase name="AppComponent should create the app" time="0" classname="Chrome_70_0_3538_(Windows_10_0_0_0).AppComponent">
    <skipped/>
  </testcase>
  <testcase name="AppComponent should have as title 'app'" time="0" classname="Chrome_70_0_3538_(Windows_10_0_0_0).AppComponent">
    <skipped/>
  </testcase>
  <testcase name="AppComponent should render title in a h1 tag" time="0" classname="Chrome_70_0_3538_(Windows_10_0_0_0).AppComponent">
    <skipped/>
  </testcase>
  <testcase name="AddPolicyService should return Formbase to add policy" time="0.015" classname="Chrome_70_0_3538_(Windows_10_0_0_0).AddPolicyService"/>
  <testcase name="ForgotPasswordNondynamicComponent should create" time="0" classname="Chrome_70_0_3538_(Windows_10_0_0_0).ForgotPasswordNondynamicComponent">
    <skipped/>
  </testcase>
  <testcase name="EditEmailFormComponent should create" time="0" classname="Chrome_70_0_3538_(Windows_10_0_0_0).EditEmailFormComponent">
    <skipped/>
  </testcase>
  <testcase name="ProfileEditPasswordComponent should create" time="0" classname="Chrome_70_0_3538_(Windows_10_0_0_0).ProfileEditPasswordComponent">
    <skipped/>
  </testcase>
  <testcase name="UserService should update the user" time="0.017" classname="Chrome_70_0_3538_(Windows_10_0_0_0).UserService"/>
  <testcase name="CreateNewPasswordSetComponent should create" time="0.037" classname="Chrome_70_0_3538_(Windows_10_0_0_0).CreateNewPasswordSetComponent"/>
  <testcase name="SidenavComponent should create" time="0" classname="Chrome_70_0_3538_(Windows_10_0_0_0).SidenavComponent">
    <skipped/>
  </testcase>
  <testcase name="EmailConfirmationComponent should send email to user and emit true" time="0.09" classname="Chrome_70_0_3538_(Windows_10_0_0_0).EmailConfirmationComponent"/>
  <testcase name="EmailConfirmationComponent should do nothing" time="0.154" classname="Chrome_70_0_3538_(Windows_10_0_0_0).EmailConfirmationComponent"/>
  <testcase name="EmailConfirmationComponent should throw error" time="0.108" classname="Chrome_70_0_3538_(Windows_10_0_0_0).EmailConfirmationComponent"/>
  <testcase name="EmailConfirmationComponent should emit false value" time="0.106" classname="Chrome_70_0_3538_(Windows_10_0_0_0).EmailConfirmationComponent"/>
  <testcase name="ClaimsHomeCarComponent should create" time="0" classname="Chrome_70_0_3538_(Windows_10_0_0_0).ClaimsHomeCarComponent">
    <skipped/>
  </testcase>
  <testcase name="ClaimsComponent should create" time="0" classname="Chrome_70_0_3538_(Windows_10_0_0_0).ClaimsComponent">
    <skipped/>
  </testcase>
  <testcase name="InformationAboutComponent should create" time="0" classname="Chrome_70_0_3538_(Windows_10_0_0_0).InformationAboutComponent">
    <skipped/>
  </testcase>
  <testcase name="ProfileEmailConfirmComponent should create" time="0" classname="Chrome_70_0_3538_(Windows_10_0_0_0).ProfileEmailConfirmComponent">
    <skipped/>
  </testcase>
  <testcase name="ForgotPasswordTooManyComponent should create" time="0.053" classname="Chrome_70_0_3538_(Windows_10_0_0_0).ForgotPasswordTooManyComponent"/>
  <testcase name="EmailEmailPasswordFormService should return the email textbox" time="0.021" classname="Chrome_70_0_3538_(Windows_10_0_0_0).EmailEmailPasswordFormService"/>
  <testcase name="EmailEmailPasswordFormService should return the password textbox" time="0.021" classname="Chrome_70_0_3538_(Windows_10_0_0_0).EmailEmailPasswordFormService"/>
  <testcase name="CreateNewPasswordExpiredComponent should get email from parameter" time="0.059" classname="Chrome_70_0_3538_(Windows_10_0_0_0).CreateNewPasswordExpiredComponent"/>
  <testcase name="CreateNewPasswordExpiredComponent should call getEmailFromParameter" time="0.049" classname="Chrome_70_0_3538_(Windows_10_0_0_0).CreateNewPasswordExpiredComponent"/>
  <system-out>
    <![CDATA[Chrome 70.0.3538 (Windows 10 0.0.0) WARN: 'Navigation triggered outside Angular zone, did you forget to call 'ngZone.run()'?'
,Chrome 70.0.3538 (Windows 10 0.0.0) WARN: undefined
,Chrome 70.0.3538 (Windows 10 0.0.0) WARN: 'Navigation triggered outside Angular zone, did you forget to call 'ngZone.run()'?'
,Chrome 70.0.3538 (Windows 10 0.0.0) WARN: undefined
,Chrome 70.0.3538 (Windows 10 0.0.0) WARN: 'Navigation triggered outside Angular zone, did you forget to call 'ngZone.run()'?'
,Chrome 70.0.3538 (Windows 10 0.0.0) WARN: 'Navigation triggered outside Angular zone, did you forget to call 'ngZone.run()'?'
,Chrome 70.0.3538 (Windows 10 0.0.0) WARN: undefined
,Chrome 70.0.3538 (Windows 10 0.0.0) WARN: undefined
,Chrome 70.0.3538 (Windows 10 0.0.0) WARN: undefined
,Chrome 70.0.3538 (Windows 10 0.0.0) WARN: 'Navigation triggered outside Angular zone, did you forget to call 'ngZone.run()'?'
,Chrome 70.0.3538 (Windows 10 0.0.0) WARN: 'Navigation triggered outside Angular zone, did you forget to call 'ngZone.run()'?'
,Chrome 70.0.3538 (Windows 10 0.0.0) WARN: 'Navigation triggered outside Angular zone, did you forget to call 'ngZone.run()'?'
,Chrome 70.0.3538 (Windows 10 0.0.0) WARN: undefined
,Chrome 70.0.3538 (Windows 10 0.0.0) WARN: 'Navigation triggered outside Angular zone, did you forget to call 'ngZone.run()'?'
,Chrome 70.0.3538 (Windows 10 0.0.0) WARN: 'Navigation triggered outside Angular zone, did you forget to call 'ngZone.run()'?'
,Chrome 70.0.3538 (Windows 10 0.0.0) WARN: undefined
,Chrome 70.0.3538 (Windows 10 0.0.0) WARN: 'Navigation triggered outside Angular zone, did you forget to call 'ngZone.run()'?'
,Chrome 70.0.3538 (Windows 10 0.0.0) WARN: undefined
,Chrome 70.0.3538 (Windows 10 0.0.0) WARN: 'Navigation triggered outside Angular zone, did you forget to call 'ngZone.run()'?'
,Chrome 70.0.3538 (Windows 10 0.0.0) WARN: undefined
,Chrome 70.0.3538 (Windows 10 0.0.0) WARN: 'Navigation triggered outside Angular zone, did you forget to call 'ngZone.run()'?'
,Chrome 70.0.3538 (Windows 10 0.0.0) WARN: undefined
,Chrome 70.0.3538 (Windows 10 0.0.0) WARN: 'Navigation triggered outside Angular zone, did you forget to call 'ngZone.run()'?'
,Chrome 70.0.3538 (Windows 10 0.0.0) WARN: 'Navigation triggered outside Angular zone, did you forget to call 'ngZone.run()'?'
,Chrome 70.0.3538 (Windows 10 0.0.0) WARN: undefined
,Chrome 70.0.3538 (Windows 10 0.0.0) WARN: 'Navigation triggered outside Angular zone, did you forget to call 'ngZone.run()'?'
,Chrome 70.0.3538 (Windows 10 0.0.0) WARN: 'Navigation triggered outside Angular zone, did you forget to call 'ngZone.run()'?'
,Chrome 70.0.3538 (Windows 10 0.0.0) WARN: undefined
,Chrome 70.0.3538 (Windows 10 0.0.0) WARN: 'Navigation triggered outside Angular zone, did you forget to call 'ngZone.run()'?'
,Chrome 70.0.3538 (Windows 10 0.0.0) WARN: undefined
,Chrome 70.0.3538 (Windows 10 0.0.0) WARN: 'Navigation triggered outside Angular zone, did you forget to call 'ngZone.run()'?'
,Chrome 70.0.3538 (Windows 10 0.0.0) WARN: undefined
,Chrome 70.0.3538 (Windows 10 0.0.0) LOG: 'error'
,Chrome 70.0.3538 (Windows 10 0.0.0) WARN: undefined

]]>
  </system-out>
  <system-err/>
</testsuite>