TN:
SF:/var/jenkins_home/workspace/customer-portal-ui_master-57FOZRL6BI452PRGJCGUJAKWDOCNWTZQ4GEBXYSOY3MBWKI2SL6A/src/polyfills.ts
FNF:0
FNH:0
DA:22,1
DA:23,1
DA:24,1
DA:25,1
DA:26,1
DA:27,1
DA:28,1
DA:29,1
DA:30,1
DA:31,1
DA:32,1
DA:33,1
DA:34,1
DA:35,1
DA:38,1
DA:41,1
DA:46,1
DA:60,1
LF:18
LH:18
BRF:0
BRH:0
end_of_record
TN:
SF:/var/jenkins_home/workspace/customer-portal-ui_master-57FOZRL6BI452PRGJCGUJAKWDOCNWTZQ4GEBXYSOY3MBWKI2SL6A/src/test.ts
FN:20,(anonymous_0)
FNF:1
FNH:1
FNDA:1,(anonymous_0)
DA:3,1
DA:4,1
DA:5,1
DA:6,1
DA:7,1
DA:8,1
DA:9,1
DA:10,1
DA:20,1
DA:23,1
DA:28,1
DA:30,1
DA:32,1
LF:13
LH:13
BRF:0
BRH:0
end_of_record
TN:
SF:/var/jenkins_home/workspace/customer-portal-ui_master-57FOZRL6BI452PRGJCGUJAKWDOCNWTZQ4GEBXYSOY3MBWKI2SL6A/src/app/app.component.ts
FN:12,(anonymous_2)
FN:14,AppComponent
FN:16,(anonymous_4)
FN:24,(anonymous_5)
FN:31,(anonymous_6)
FN:36,(anonymous_7)
FNF:6
FNH:1
FNDA:1,(anonymous_2)
FNDA:0,AppComponent
FNDA:0,(anonymous_4)
FNDA:0,(anonymous_5)
FNDA:0,(anonymous_6)
FNDA:0,(anonymous_7)
DA:1,1
DA:2,1
DA:3,1
DA:4,1
DA:12,1
DA:13,0
DA:14,0
DA:16,1
DA:17,0
DA:18,0
DA:20,0
DA:24,0
DA:25,0
DA:27,0
DA:28,0
DA:31,1
DA:32,0
DA:33,0
DA:36,1
DA:37,0
DA:40,1
LF:21
LH:9
BRDA:21,0,0,0
BRDA:21,0,1,0
BRF:2
BRH:0
end_of_record
TN:
SF:/var/jenkins_home/workspace/customer-portal-ui_master-57FOZRL6BI452PRGJCGUJAKWDOCNWTZQ4GEBXYSOY3MBWKI2SL6A/src/app/_guards/auth.guard.ts
FN:6,(anonymous_2)
FN:8,AuthGuard
FN:10,(anonymous_4)
FNF:3
FNH:3
FNDA:1,(anonymous_2)
FNDA:2,AuthGuard
FNDA:1,(anonymous_4)
DA:1,1
DA:2,1
DA:6,1
DA:8,2
DA:10,1
DA:11,1
DA:12,1
DA:15,0
DA:16,0
DA:19,1
LF:10
LH:8
BRDA:11,0,0,1
BRDA:11,0,1,0
BRF:2
BRH:1
end_of_record
TN:
SF:/var/jenkins_home/workspace/customer-portal-ui_master-57FOZRL6BI452PRGJCGUJAKWDOCNWTZQ4GEBXYSOY3MBWKI2SL6A/src/app/_guards/signup.guard.ts
FN:7,(anonymous_2)
FN:9,SignUpGuard
FN:13,(anonymous_4)
FN:19,(anonymous_5)
FNF:4
FNH:4
FNDA:1,(anonymous_2)
FNDA:2,SignUpGuard
FNDA:2,(anonymous_4)
FNDA:2,(anonymous_5)
DA:1,1
DA:2,1
DA:3,1
DA:4,1
DA:7,1
DA:10,2
DA:11,2
DA:13,2
DA:16,2
DA:20,2
DA:21,1
DA:22,1
DA:25,1
DA:32,1
LF:14
LH:14
BRDA:20,0,0,1
BRDA:20,0,1,1
BRF:2
BRH:2
end_of_record
TN:
SF:/var/jenkins_home/workspace/customer-portal-ui_master-57FOZRL6BI452PRGJCGUJAKWDOCNWTZQ4GEBXYSOY3MBWKI2SL6A/src/app/_guards/verify-user.guard.ts
FN:9,(anonymous_2)
FN:11,VerifyUserGuard
FN:15,(anonymous_4)
FN:22,(anonymous_5)
FNF:4
FNH:4
FNDA:1,(anonymous_2)
FNDA:2,VerifyUserGuard
FNDA:2,(anonymous_4)
FNDA:2,(anonymous_5)
DA:1,1
DA:2,1
DA:5,1
DA:6,1
DA:9,1
DA:12,2
DA:13,2
DA:15,2
DA:19,2
DA:23,2
DA:24,1
DA:25,1
DA:28,1
DA:35,1
LF:14
LH:14
BRDA:23,0,0,1
BRDA:23,0,1,1
BRDA:23,1,0,2
BRDA:23,1,1,1
BRF:4
BRH:4
end_of_record
TN:
SF:/var/jenkins_home/workspace/customer-portal-ui_master-57FOZRL6BI452PRGJCGUJAKWDOCNWTZQ4GEBXYSOY3MBWKI2SL6A/src/app/_helpers/_testing-helpers/_services/_testing-helpers/testing.service.ts
FN:8,(anonymous_2)
FN:10,TestingService
FN:12,(anonymous_4)
FN:30,(anonymous_5)
FNF:4
FNH:1
FNDA:1,(anonymous_2)
FNDA:0,TestingService
FNDA:0,(anonymous_4)
FNDA:0,(anonymous_5)
DA:1,1
DA:2,1
DA:8,1
DA:10,0
DA:12,1
DA:14,0
DA:15,0
DA:22,0
DA:30,1
DA:31,0
DA:32,0
DA:39,1
LF:12
LH:6
BRDA:14,0,0,0
BRDA:14,0,1,0
BRF:2
BRH:0
end_of_record
TN:
SF:/var/jenkins_home/workspace/customer-portal-ui_master-57FOZRL6BI452PRGJCGUJAKWDOCNWTZQ4GEBXYSOY3MBWKI2SL6A/src/app/_helpers/_testing-helpers/_services/_testing-helpers/fakeResponse/fake-account-response.model.ts
FN:1,(anonymous_0)
FN:56,(anonymous_2)
FN:60,(anonymous_3)
FNF:3
FNH:3
FNDA:1,(anonymous_0)
FNDA:26,(anonymous_2)
FNDA:7,(anonymous_3)
DA:1,1
DA:2,1
DA:29,1
DA:56,1
DA:57,26
DA:60,1
DA:61,7
DA:63,1
LF:8
LH:8
BRF:0
BRH:0
end_of_record
TN:
SF:/var/jenkins_home/workspace/customer-portal-ui_master-57FOZRL6BI452PRGJCGUJAKWDOCNWTZQ4GEBXYSOY3MBWKI2SL6A/src/app/_helpers/_testing-helpers/_services/_testing-helpers/fakeResponse/fake-policy-response.model.ts
FN:1,(anonymous_0)
FN:36,(anonymous_2)
FNF:2
FNH:2
FNDA:1,(anonymous_0)
FNDA:15,(anonymous_2)
DA:1,1
DA:2,1
DA:36,1
DA:37,15
DA:40,1
LF:5
LH:5
BRF:0
BRH:0
end_of_record
TN:
SF:/var/jenkins_home/workspace/customer-portal-ui_master-57FOZRL6BI452PRGJCGUJAKWDOCNWTZQ4GEBXYSOY3MBWKI2SL6A/src/app/_services/user.service.ts
FN:6,(anonymous_2)
FN:11,UserService
FN:13,(anonymous_4)
FNF:3
FNH:3
FNDA:1,(anonymous_2)
FNDA:63,UserService
FNDA:32,(anonymous_4)
DA:1,1
DA:2,1
DA:6,1
DA:8,63
DA:9,63
DA:13,1
DA:14,32
DA:16,1
LF:8
LH:8
BRF:0
BRH:0
end_of_record
TN:
SF:/var/jenkins_home/workspace/customer-portal-ui_master-57FOZRL6BI452PRGJCGUJAKWDOCNWTZQ4GEBXYSOY3MBWKI2SL6A/src/app/_services/_iam/authentication-service.service.ts
FN:10,(anonymous_2)
FN:16,AuthenticationService
FN:24,(anonymous_4)
FN:53,(anonymous_5)
FN:61,(anonymous_6)
FN:62,(anonymous_7)
FN:66,(anonymous_8)
FN:75,(anonymous_9)
FN:85,(anonymous_10)
FN:98,(anonymous_11)
FN:110,(anonymous_12)
FN:129,(anonymous_13)
FN:134,(anonymous_14)
FN:139,(anonymous_15)
FN:152,(anonymous_16)
FN:157,(anonymous_17)
FN:167,(anonymous_18)
FNF:17
FNH:17
FNDA:1,(anonymous_2)
FNDA:96,AuthenticationService
FNDA:5,(anonymous_4)
FNDA:2,(anonymous_5)
FNDA:1,(anonymous_6)
FNDA:1,(anonymous_7)
FNDA:1,(anonymous_8)
FNDA:1,(anonymous_9)
FNDA:3,(anonymous_10)
FNDA:2,(anonymous_11)
FNDA:1,(anonymous_12)
FNDA:1,(anonymous_13)
FNDA:1,(anonymous_14)
FNDA:2,(anonymous_15)
FNDA:1,(anonymous_16)
FNDA:1,(anonymous_17)
FNDA:1,(anonymous_18)
DA:1,1
DA:2,1
DA:3,1
DA:5,1
DA:6,1
DA:10,1
DA:12,96
DA:17,96
DA:20,96
DA:21,96
DA:24,1
DA:26,5
DA:27,4
DA:43,1
DA:44,0
DA:50,5
DA:53,1
DA:55,2
DA:56,2
DA:57,2
DA:59,2
DA:61,1
DA:62,1
DA:66,1
DA:68,1
DA:69,1
DA:70,1
DA:72,1
DA:75,1
DA:76,1
DA:77,1
DA:85,1
DA:86,3
DA:87,3
DA:88,3
DA:89,3
DA:90,3
DA:92,3
DA:99,2
DA:100,1
DA:104,1
DA:107,1
DA:110,1
DA:129,1
DA:130,1
DA:131,1
DA:134,1
DA:135,1
DA:136,1
DA:139,1
DA:140,2
DA:141,2
DA:152,1
DA:153,1
DA:154,1
DA:157,1
DA:159,1
DA:160,1
DA:161,1
DA:162,1
DA:164,1
DA:167,1
DA:169,1
DA:170,1
DA:171,1
DA:173,1
DA:176,1
LF:67
LH:66
BRDA:21,0,0,96
BRDA:21,0,1,3
BRDA:26,1,0,4
BRDA:26,1,1,1
BRDA:43,2,0,0
BRDA:43,2,1,1
BRDA:99,3,0,1
BRDA:99,3,1,1
BRF:8
BRH:7
end_of_record
TN:
SF:/var/jenkins_home/workspace/customer-portal-ui_master-57FOZRL6BI452PRGJCGUJAKWDOCNWTZQ4GEBXYSOY3MBWKI2SL6A/src/app/_services/_iam/wallet-card.service.ts
FN:8,(anonymous_2)
FN:10,WalletCardService
FN:15,(anonymous_4)
FNF:3
FNH:3
FNDA:1,(anonymous_2)
FNDA:2,WalletCardService
FNDA:2,(anonymous_4)
DA:1,1
DA:2,1
DA:3,1
DA:5,1
DA:8,1
DA:11,2
DA:12,2
DA:15,1
DA:16,2
DA:19,2
DA:20,2
DA:23,1
LF:12
LH:12
BRF:0
BRH:0
end_of_record
TN:
SF:/var/jenkins_home/workspace/customer-portal-ui_master-57FOZRL6BI452PRGJCGUJAKWDOCNWTZQ4GEBXYSOY3MBWKI2SL6A/src/app/_services/forms/create-account/add-policy.service.ts
FN:7,(anonymous_1)
FN:8,(anonymous_3)
FNF:2
FNH:2
FNDA:4,(anonymous_1)
FNDA:4,(anonymous_3)
DA:1,1
DA:2,1
DA:7,1
DA:8,1
DA:9,4
DA:22,4
DA:24,1
LF:7
LH:7
BRF:0
BRH:0
end_of_record
TN:
SF:/var/jenkins_home/workspace/customer-portal-ui_master-57FOZRL6BI452PRGJCGUJAKWDOCNWTZQ4GEBXYSOY3MBWKI2SL6A/src/app/_services/forms/create-account/create-account-service.service.ts
FN:7,(anonymous_1)
FN:9,(anonymous_3)
FNF:2
FNH:2
FNDA:6,(anonymous_1)
FNDA:1,(anonymous_3)
DA:1,1
DA:2,1
DA:7,1
DA:9,1
DA:10,1
DA:50,1
DA:52,1
LF:7
LH:7
BRF:0
BRH:0
end_of_record
TN:
SF:/var/jenkins_home/workspace/customer-portal-ui_master-57FOZRL6BI452PRGJCGUJAKWDOCNWTZQ4GEBXYSOY3MBWKI2SL6A/src/app/_services/forms/create-account/edit-policy.service.ts
FN:7,(anonymous_1)
FN:9,(anonymous_3)
FNF:2
FNH:2
FNDA:4,(anonymous_1)
FNDA:4,(anonymous_3)
DA:1,1
DA:2,1
DA:7,1
DA:9,1
DA:10,4
DA:54,4
DA:56,1
LF:7
LH:7
BRF:0
BRH:0
end_of_record
TN:
SF:/var/jenkins_home/workspace/customer-portal-ui_master-57FOZRL6BI452PRGJCGUJAKWDOCNWTZQ4GEBXYSOY3MBWKI2SL6A/src/app/_services/forms/forgot-password/create-new-password-form/create-new-password-form.service.ts
FN:7,(anonymous_1)
FN:8,(anonymous_3)
FNF:2
FNH:2
FNDA:15,(anonymous_1)
FNDA:14,(anonymous_3)
DA:1,1
DA:2,1
DA:7,1
DA:8,1
DA:9,14
DA:22,14
DA:24,1
LF:7
LH:7
BRF:0
BRH:0
end_of_record
TN:
SF:/var/jenkins_home/workspace/customer-portal-ui_master-57FOZRL6BI452PRGJCGUJAKWDOCNWTZQ4GEBXYSOY3MBWKI2SL6A/src/app/_services/forms/forgot-password/email-form/email-form.service.ts
FN:5,(anonymous_1)
FN:6,(anonymous_3)
FNF:2
FNH:2
FNDA:16,(anonymous_1)
FNDA:5,(anonymous_3)
DA:1,1
DA:2,1
DA:5,1
DA:6,1
DA:7,5
DA:18,5
DA:20,1
LF:7
LH:7
BRF:0
BRH:0
end_of_record
TN:
SF:/var/jenkins_home/workspace/customer-portal-ui_master-57FOZRL6BI452PRGJCGUJAKWDOCNWTZQ4GEBXYSOY3MBWKI2SL6A/src/app/_services/forms/login/login.service.ts
FN:5,(anonymous_1)
FN:6,(anonymous_3)
FNF:2
FNH:2
FNDA:14,(anonymous_1)
FNDA:9,(anonymous_3)
DA:1,1
DA:2,1
DA:5,1
DA:6,1
DA:7,9
DA:29,9
DA:31,1
LF:7
LH:7
BRF:0
BRH:0
end_of_record
TN:
SF:/var/jenkins_home/workspace/customer-portal-ui_master-57FOZRL6BI452PRGJCGUJAKWDOCNWTZQ4GEBXYSOY3MBWKI2SL6A/src/app/components/dashboard/account-main.component.ts
FN:11,(anonymous_2)
FN:14,AccountMainComponent
FN:19,(anonymous_4)
FN:21,(anonymous_5)
FNF:4
FNH:1
FNDA:1,(anonymous_2)
FNDA:0,AccountMainComponent
FNDA:0,(anonymous_4)
FNDA:0,(anonymous_5)
DA:1,1
DA:3,1
DA:4,1
DA:11,1
DA:15,0
DA:16,0
DA:19,1
DA:20,0
DA:22,0
DA:23,0
DA:26,0
DA:36,1
LF:12
LH:6
BRDA:22,0,0,0
BRDA:22,0,1,0
BRF:2
BRH:0
end_of_record
TN:
SF:/var/jenkins_home/workspace/customer-portal-ui_master-57FOZRL6BI452PRGJCGUJAKWDOCNWTZQ4GEBXYSOY3MBWKI2SL6A/src/app/components/dashboard/account-header/account-header.component.ts
FN:8,(anonymous_2)
FN:10,AccountHeaderComponent
FN:12,(anonymous_4)
FNF:3
FNH:1
FNDA:1,(anonymous_2)
FNDA:0,AccountHeaderComponent
FNDA:0,(anonymous_4)
DA:1,1
DA:8,1
DA:12,1
DA:15,1
LF:4
LH:4
BRF:0
BRH:0
end_of_record
TN:
SF:/var/jenkins_home/workspace/customer-portal-ui_master-57FOZRL6BI452PRGJCGUJAKWDOCNWTZQ4GEBXYSOY3MBWKI2SL6A/src/app/components/dashboard/sidenav/sidenav.component.ts
FN:8,(anonymous_2)
FN:10,SidenavComponent
FN:12,(anonymous_4)
FNF:3
FNH:1
FNDA:1,(anonymous_2)
FNDA:0,SidenavComponent
FNDA:0,(anonymous_4)
DA:1,1
DA:8,1
DA:12,1
DA:15,1
LF:4
LH:4
BRF:0
BRH:0
end_of_record
TN:
SF:/var/jenkins_home/workspace/customer-portal-ui_master-57FOZRL6BI452PRGJCGUJAKWDOCNWTZQ4GEBXYSOY3MBWKI2SL6A/src/app/components/forms/dynamic-forms/add-policy/add-policy.component.ts
FN:17,(anonymous_2)
FN:24,AddPolicyComponent
FN:31,(anonymous_4)
FN:37,(anonymous_5)
FN:40,(anonymous_6)
FN:59,(anonymous_7)
FN:67,(anonymous_8)
FN:71,(anonymous_9)
FNF:8
FNH:7
FNDA:1,(anonymous_2)
FNDA:6,AddPolicyComponent
FNDA:4,(anonymous_4)
FNDA:1,(anonymous_5)
FNDA:3,(anonymous_6)
FNDA:0,(anonymous_7)
FNDA:2,(anonymous_8)
FNDA:6,(anonymous_9)
DA:1,1
DA:3,1
DA:4,1
DA:5,1
DA:7,1
DA:8,1
DA:17,1
DA:18,7
DA:19,1
DA:21,6
DA:22,6
DA:25,6
DA:26,6
DA:27,6
DA:28,6
DA:31,4
DA:32,4
DA:33,4
DA:34,4
DA:38,1
DA:41,3
DA:43,1
DA:45,2
DA:47,1
DA:49,1
DA:51,1
DA:59,1
DA:60,0
DA:63,0
DA:64,0
DA:67,1
DA:68,2
DA:71,1
DA:72,6
DA:75,1
LF:35
LH:32
BRDA:33,0,0,4
BRDA:33,0,1,0
BRDA:41,1,0,1
BRDA:41,1,1,2
BRDA:45,2,0,1
BRDA:45,2,1,1
BRDA:49,3,0,1
BRDA:49,3,1,0
BRDA:68,4,0,1
BRDA:68,4,1,1
BRF:10
BRH:8
end_of_record
TN:
SF:/var/jenkins_home/workspace/customer-portal-ui_master-57FOZRL6BI452PRGJCGUJAKWDOCNWTZQ4GEBXYSOY3MBWKI2SL6A/src/app/components/forms/dynamic-forms/create-account-form/create-account-form.component.ts
FN:19,(anonymous_2)
FN:25,CreateAccountFormComponent
FN:35,(anonymous_4)
FN:51,(anonymous_5)
FN:57,(anonymous_6)
FN:61,(anonymous_7)
FN:75,(anonymous_8)
FNF:7
FNH:7
FNDA:1,(anonymous_2)
FNDA:5,CreateAccountFormComponent
FNDA:4,(anonymous_4)
FNDA:3,(anonymous_5)
FNDA:1,(anonymous_6)
FNDA:2,(anonymous_7)
FNDA:5,(anonymous_8)
DA:1,1
DA:3,1
DA:4,1
DA:7,1
DA:8,1
DA:10,1
DA:19,1
DA:20,6
DA:22,5
DA:23,5
DA:26,5
DA:27,5
DA:28,5
DA:29,5
DA:30,5
DA:31,5
DA:35,1
DA:36,4
DA:37,3
DA:43,3
DA:46,1
DA:47,1
DA:51,3
DA:52,3
DA:53,3
DA:54,3
DA:55,3
DA:58,1
DA:59,1
DA:62,2
DA:64,1
DA:66,1
DA:68,1
DA:75,1
DA:76,5
DA:79,1
LF:36
LH:36
BRDA:36,0,0,3
BRDA:36,0,1,1
BRDA:54,1,0,3
BRDA:54,1,1,0
BRDA:62,2,0,1
BRDA:62,2,1,1
BRDA:66,3,0,1
BRDA:66,3,1,0
BRF:8
BRH:6
end_of_record
TN:
SF:/var/jenkins_home/workspace/customer-portal-ui_master-57FOZRL6BI452PRGJCGUJAKWDOCNWTZQ4GEBXYSOY3MBWKI2SL6A/src/app/components/forms/dynamic-forms/create-password-form/create-password-form.component.ts
FN:18,(anonymous_2)
FN:29,CreatePasswordFormComponent
FN:38,(anonymous_4)
FN:47,(anonymous_5)
FN:53,(anonymous_6)
FN:56,(anonymous_7)
FN:62,(anonymous_8)
FN:68,(anonymous_9)
FN:72,(anonymous_10)
FN:79,(anonymous_11)
FN:83,(anonymous_12)
FN:89,(anonymous_13)
FNF:12
FNH:8
FNDA:1,(anonymous_2)
FNDA:4,CreatePasswordFormComponent
FNDA:2,(anonymous_4)
FNDA:1,(anonymous_5)
FNDA:1,(anonymous_6)
FNDA:0,(anonymous_7)
FNDA:0,(anonymous_8)
FNDA:0,(anonymous_9)
FNDA:0,(anonymous_10)
FNDA:5,(anonymous_11)
FNDA:5,(anonymous_12)
FNDA:5,(anonymous_13)
DA:1,1
DA:3,1
DA:4,1
DA:5,1
DA:8,1
DA:10,1
DA:18,1
DA:19,5
DA:20,1
DA:24,4
DA:27,5
DA:30,4
DA:31,4
DA:32,4
DA:33,4
DA:34,4
DA:35,4
DA:38,1
DA:39,2
DA:40,1
DA:43,1
DA:47,1
DA:48,1
DA:49,1
DA:50,1
DA:54,1
DA:57,0
DA:62,1
DA:63,0
DA:64,0
DA:65,0
DA:69,0
DA:70,0
DA:73,0
DA:74,0
DA:79,5
DA:80,5
DA:83,5
DA:84,5
DA:85,5
DA:89,5
DA:90,5
DA:93,1
LF:43
LH:35
BRDA:39,0,0,1
BRDA:39,0,1,1
BRF:2
BRH:2
end_of_record
TN:
SF:/var/jenkins_home/workspace/customer-portal-ui_master-57FOZRL6BI452PRGJCGUJAKWDOCNWTZQ4GEBXYSOY3MBWKI2SL6A/src/app/components/forms/dynamic-forms/edit-policy-form/edit-policy.component.ts
FN:19,(anonymous_2)
FN:26,EditPolicyComponent
FN:33,(anonymous_4)
FN:47,(anonymous_5)
FN:52,(anonymous_6)
FN:55,(anonymous_7)
FN:73,(anonymous_8)
FN:80,(anonymous_9)
FNF:8
FNH:8
FNDA:1,(anonymous_2)
FNDA:8,EditPolicyComponent
FNDA:1,(anonymous_4)
FNDA:4,(anonymous_5)
FNDA:1,(anonymous_6)
FNDA:3,(anonymous_7)
FNDA:1,(anonymous_8)
FNDA:7,(anonymous_9)
DA:1,1
DA:4,1
DA:7,1
DA:8,1
DA:10,1
DA:19,1
DA:20,9
DA:21,1
DA:23,8
DA:24,8
DA:27,8
DA:28,8
DA:29,8
DA:30,8
DA:33,1
DA:34,1
DA:44,1
DA:47,4
DA:48,4
DA:49,4
DA:53,1
DA:56,3
DA:58,1
DA:60,2
DA:62,1
DA:64,1
DA:66,1
DA:73,1
DA:74,1
DA:75,1
DA:76,1
DA:77,1
DA:80,1
DA:81,7
DA:82,7
DA:85,1
LF:36
LH:36
BRDA:56,0,0,1
BRDA:56,0,1,2
BRDA:60,1,0,1
BRDA:60,1,1,1
BRDA:64,2,0,1
BRDA:64,2,1,0
BRF:6
BRH:5
end_of_record
TN:
SF:/var/jenkins_home/workspace/customer-portal-ui_master-57FOZRL6BI452PRGJCGUJAKWDOCNWTZQ4GEBXYSOY3MBWKI2SL6A/src/app/components/forms/dynamic-forms/login-form/login-form.component.ts
FN:19,(anonymous_2)
FN:29,LoginFormComponent
FN:40,(anonymous_4)
FN:49,(anonymous_5)
FN:59,(anonymous_6)
FN:66,(anonymous_7)
FN:74,(anonymous_8)
FN:78,(anonymous_9)
FN:86,(anonymous_10)
FN:95,(anonymous_11)
FN:96,(anonymous_12)
FNF:11
FNH:11
FNDA:1,(anonymous_2)
FNDA:8,LoginFormComponent
FNDA:9,(anonymous_4)
FNDA:3,(anonymous_5)
FNDA:2,(anonymous_6)
FNDA:1,(anonymous_7)
FNDA:1,(anonymous_8)
FNDA:1,(anonymous_9)
FNDA:1,(anonymous_10)
FNDA:9,(anonymous_11)
FNDA:9,(anonymous_12)
DA:2,1
DA:3,1
DA:5,1
DA:6,1
DA:9,1
DA:10,1
DA:19,1
DA:20,9
DA:22,8
DA:23,8
DA:26,8
DA:27,8
DA:30,8
DA:31,8
DA:32,8
DA:33,8
DA:34,8
DA:35,8
DA:36,8
DA:37,8
DA:40,1
DA:41,9
DA:42,8
DA:49,3
DA:50,3
DA:51,3
DA:52,3
DA:53,3
DA:55,3
DA:56,3
DA:60,2
DA:61,2
DA:62,2
DA:64,2
DA:67,1
DA:74,1
DA:75,1
DA:78,1
DA:79,1
DA:80,1
DA:82,1
DA:83,1
DA:86,1
DA:87,1
DA:89,1
DA:90,1
DA:91,1
DA:95,1
DA:96,9
DA:97,9
DA:100,9
DA:103,9
DA:104,9
DA:106,1
LF:54
LH:54
BRDA:41,0,0,8
BRDA:41,0,1,1
BRDA:55,1,0,3
BRDA:55,1,1,0
BRDA:61,2,0,2
BRDA:61,2,1,0
BRDA:61,3,0,2
BRDA:61,3,1,0
BRDA:82,4,0,1
BRDA:82,4,1,0
BRDA:87,5,0,1
BRDA:87,5,1,0
BRDA:104,6,0,9
BRDA:104,6,1,9
BRF:14
BRH:9
end_of_record
TN:
SF:/var/jenkins_home/workspace/customer-portal-ui_master-57FOZRL6BI452PRGJCGUJAKWDOCNWTZQ4GEBXYSOY3MBWKI2SL6A/src/app/components/forms/dynamic-forms/send-email-form/send-email-form.component.ts
FN:14,(anonymous_2)
FN:23,SendEmailFormComponent
FN:29,(anonymous_4)
FN:33,(anonymous_5)
FN:41,(anonymous_6)
FN:44,(anonymous_7)
FN:52,(anonymous_8)
FN:57,(anonymous_9)
FNF:8
FNH:7
FNDA:1,(anonymous_2)
FNDA:4,SendEmailFormComponent
FNDA:1,(anonymous_4)
FNDA:1,(anonymous_5)
FNDA:1,(anonymous_6)
FNDA:0,(anonymous_7)
FNDA:5,(anonymous_8)
FNDA:5,(anonymous_9)
DA:1,1
DA:4,1
DA:6,1
DA:14,1
DA:15,1
DA:16,5
DA:17,1
DA:19,4
DA:21,5
DA:24,4
DA:25,4
DA:26,4
DA:29,1
DA:30,1
DA:33,1
DA:34,1
DA:35,1
DA:37,1
DA:38,1
DA:42,1
DA:45,0
DA:52,1
DA:53,5
DA:54,5
DA:57,1
DA:58,5
DA:60,1
LF:27
LH:26
BRDA:30,0,0,0
BRDA:30,0,1,1
BRDA:37,1,0,1
BRDA:37,1,1,0
BRF:4
BRH:2
end_of_record
TN:
SF:/var/jenkins_home/workspace/customer-portal-ui_master-57FOZRL6BI452PRGJCGUJAKWDOCNWTZQ4GEBXYSOY3MBWKI2SL6A/src/app/components/forms/non-dynamic-forms/forgot-password-nondynamic/forgot-password-nondynamic.component.ts
FN:17,(anonymous_2)
FN:29,ForgotPasswordNondynamicComponent
FN:43,(anonymous_4)
FN:58,(anonymous_5)
FN:71,(anonymous_6)
FN:76,(anonymous_7)
FN:87,(anonymous_8)
FN:91,(anonymous_9)
FNF:8
FNH:1
FNDA:1,(anonymous_2)
FNDA:0,ForgotPasswordNondynamicComponent
FNDA:0,(anonymous_4)
FNDA:0,(anonymous_5)
FNDA:0,(anonymous_6)
FNDA:0,(anonymous_7)
FNDA:0,(anonymous_8)
FNDA:0,(anonymous_9)
DA:1,1
DA:2,1
DA:3,1
DA:4,1
DA:5,1
DA:7,1
DA:8,1
DA:17,1
DA:18,1
DA:20,0
DA:24,0
DA:26,1
DA:27,1
DA:30,0
DA:31,0
DA:32,0
DA:33,0
DA:34,0
DA:35,0
DA:36,0
DA:37,0
DA:38,0
DA:40,0
DA:43,1
DA:44,0
DA:58,1
DA:59,0
DA:67,0
DA:68,0
DA:71,1
DA:72,0
DA:76,1
DA:77,0
DA:78,0
DA:80,0
DA:81,0
DA:82,0
DA:83,0
DA:87,1
DA:88,0
DA:91,1
DA:93,1
LF:42
LH:18
BRDA:68,0,0,0
BRDA:68,0,1,0
BRDA:68,1,0,0
BRDA:68,1,1,0
BRDA:73,2,0,0
BRDA:73,2,1,0
BRDA:82,3,0,0
BRDA:82,3,1,0
BRF:8
BRH:0
end_of_record
TN:
SF:/var/jenkins_home/workspace/customer-portal-ui_master-57FOZRL6BI452PRGJCGUJAKWDOCNWTZQ4GEBXYSOY3MBWKI2SL6A/src/app/components/screens/create-new-password/create-new-password-expired/create-new-password-expired.component.ts
FN:9,(anonymous_2)
FN:12,CreateNewPasswordExpiredComponent
FN:14,(anonymous_4)
FN:16,(anonymous_5)
FN:22,(anonymous_6)
FNF:5
FNH:5
FNDA:1,(anonymous_2)
FNDA:2,CreateNewPasswordExpiredComponent
FNDA:3,(anonymous_4)
FNDA:3,(anonymous_5)
FNDA:3,(anonymous_6)
DA:1,1
DA:2,1
DA:9,1
DA:12,2
DA:14,3
DA:15,3
DA:17,3
DA:22,1
DA:23,3
DA:26,1
LF:10
LH:10
BRDA:17,0,0,3
BRDA:17,0,1,0
BRF:2
BRH:1
end_of_record
TN:
SF:/var/jenkins_home/workspace/customer-portal-ui_master-57FOZRL6BI452PRGJCGUJAKWDOCNWTZQ4GEBXYSOY3MBWKI2SL6A/src/app/components/screens/create-new-password/create-new-password-set/create-new-password-set.component.ts
FN:8,(anonymous_2)
FN:10,CreateNewPasswordSetComponent
FN:12,(anonymous_4)
FNF:3
FNH:3
FNDA:1,(anonymous_2)
FNDA:1,CreateNewPasswordSetComponent
FNDA:1,(anonymous_4)
DA:1,1
DA:8,1
DA:12,1
DA:15,1
LF:4
LH:4
BRF:0
BRH:0
end_of_record
TN:
SF:/var/jenkins_home/workspace/customer-portal-ui_master-57FOZRL6BI452PRGJCGUJAKWDOCNWTZQ4GEBXYSOY3MBWKI2SL6A/src/app/components/screens/create-new-password/forgot-password-too-many/forgot-password-too-many.component.ts
FN:8,(anonymous_2)
FN:11,ForgotPasswordTooManyComponent
FN:13,(anonymous_4)
FNF:3
FNH:3
FNDA:1,(anonymous_2)
FNDA:1,ForgotPasswordTooManyComponent
FNDA:1,(anonymous_4)
DA:1,1
DA:8,1
DA:13,1
DA:16,1
LF:4
LH:4
BRF:0
BRH:0
end_of_record
TN:
SF:/var/jenkins_home/workspace/customer-portal-ui_master-57FOZRL6BI452PRGJCGUJAKWDOCNWTZQ4GEBXYSOY3MBWKI2SL6A/src/app/components/screens/email-confirmation/email-confirmation.component.ts
FN:11,(anonymous_2)
FN:17,EmailConfirmationComponent
FN:19,(anonymous_4)
FN:26,(anonymous_5)
FN:29,(anonymous_6)
FN:37,(anonymous_7)
FN:41,(anonymous_8)
FNF:7
FNH:7
FNDA:1,(anonymous_2)
FNDA:4,EmailConfirmationComponent
FNDA:3,(anonymous_4)
FNDA:1,(anonymous_5)
FNDA:1,(anonymous_6)
FNDA:1,(anonymous_7)
FNDA:4,(anonymous_8)
DA:1,1
DA:3,1
DA:11,1
DA:12,1
DA:13,4
DA:15,5
DA:17,4
DA:19,3
DA:20,3
DA:22,3
DA:23,2
DA:27,1
DA:30,1
DA:37,1
DA:38,1
DA:41,1
DA:45,1
LF:17
LH:17
BRDA:22,0,0,2
BRDA:22,0,1,1
BRF:2
BRH:2
end_of_record
TN:
SF:/var/jenkins_home/workspace/customer-portal-ui_master-57FOZRL6BI452PRGJCGUJAKWDOCNWTZQ4GEBXYSOY3MBWKI2SL6A/src/app/components/screens/signup-process/bop-screen/bop-screen.component.ts
FN:8,(anonymous_2)
FN:10,BopScreenComponent
FN:12,(anonymous_4)
FNF:3
FNH:3
FNDA:1,(anonymous_2)
FNDA:1,BopScreenComponent
FNDA:1,(anonymous_4)
DA:1,1
DA:8,1
DA:12,1
DA:15,1
LF:4
LH:4
BRF:0
BRH:0
end_of_record
TN:
SF:/var/jenkins_home/workspace/customer-portal-ui_master-57FOZRL6BI452PRGJCGUJAKWDOCNWTZQ4GEBXYSOY3MBWKI2SL6A/src/app/components/screens/signup-process/email-use-screen/email-use-screen.component.ts
FN:11,(anonymous_2)
FN:15,EmailUseScreenComponent
FN:17,(anonymous_4)
FNF:3
FNH:1
FNDA:1,(anonymous_2)
FNDA:0,EmailUseScreenComponent
FNDA:0,(anonymous_4)
DA:1,1
DA:11,1
DA:12,1
DA:17,1
DA:18,0
DA:21,1
LF:6
LH:5
BRDA:18,0,0,0
BRDA:18,0,1,0
BRF:2
BRH:0
end_of_record
TN:
SF:/var/jenkins_home/workspace/customer-portal-ui_master-57FOZRL6BI452PRGJCGUJAKWDOCNWTZQ4GEBXYSOY3MBWKI2SL6A/src/app/components/screens/signup-process/policy-belong-to-another-screen/policy-belong-to-another-screen.component.ts
FN:17,(anonymous_2)
FN:24,PolicyBelongToAnotherScreenComponent
FN:31,(anonymous_4)
FN:35,(anonymous_5)
FN:38,(anonymous_6)
FN:44,(anonymous_7)
FN:56,(anonymous_8)
FNF:7
FNH:6
FNDA:1,(anonymous_2)
FNDA:3,PolicyBelongToAnotherScreenComponent
FNDA:2,(anonymous_4)
FNDA:1,(anonymous_5)
FNDA:1,(anonymous_6)
FNDA:1,(anonymous_7)
FNDA:0,(anonymous_8)
DA:1,1
DA:2,1
DA:3,1
DA:7,1
DA:9,1
DA:17,1
DA:18,1
DA:22,3
DA:25,3
DA:26,3
DA:27,3
DA:28,3
DA:31,2
DA:32,2
DA:36,1
DA:39,1
DA:44,1
DA:45,1
DA:46,1
DA:53,1
DA:56,1
DA:60,1
LF:22
LH:22
BRF:0
BRH:0
end_of_record
TN:
SF:/var/jenkins_home/workspace/customer-portal-ui_master-57FOZRL6BI452PRGJCGUJAKWDOCNWTZQ4GEBXYSOY3MBWKI2SL6A/src/app/components/screens/signup-process/policy-not-found-screen/policy-not-found-screen.component.ts
FN:13,(anonymous_2)
FN:19,PolicyNotFoundScreenComponent
FN:25,(anonymous_4)
FN:30,(anonymous_5)
FN:35,(anonymous_6)
FN:36,(anonymous_7)
FN:43,(anonymous_8)
FN:51,(anonymous_9)
FN:69,(anonymous_10)
FN:74,(anonymous_11)
FNF:10
FNH:10
FNDA:1,(anonymous_2)
FNDA:7,PolicyNotFoundScreenComponent
FNDA:8,(anonymous_4)
FNDA:4,(anonymous_5)
FNDA:1,(anonymous_6)
FNDA:1,(anonymous_7)
FNDA:1,(anonymous_8)
FNDA:3,(anonymous_9)
FNDA:4,(anonymous_10)
FNDA:8,(anonymous_11)
DA:1,1
DA:2,1
DA:4,1
DA:5,1
DA:13,1
DA:14,1
DA:20,7
DA:21,7
DA:22,7
DA:25,1
DA:26,8
DA:27,8
DA:30,4
DA:31,4
DA:32,4
DA:36,1
DA:37,1
DA:38,1
DA:39,1
DA:41,1
DA:42,1
DA:43,1
DA:47,0
DA:52,3
DA:54,1
DA:56,2
DA:58,1
DA:60,1
DA:62,1
DA:69,1
DA:70,4
DA:71,4
DA:74,1
DA:75,8
DA:78,1
LF:35
LH:34
BRDA:41,0,0,1
BRDA:41,0,1,0
BRDA:41,1,0,1
BRDA:41,1,1,0
BRDA:41,1,2,0
BRDA:52,2,0,1
BRDA:52,2,1,2
BRDA:56,3,0,1
BRDA:56,3,1,1
BRDA:60,4,0,1
BRDA:60,4,1,0
BRF:11
BRH:7
end_of_record
TN:
SF:/var/jenkins_home/workspace/customer-portal-ui_master-57FOZRL6BI452PRGJCGUJAKWDOCNWTZQ4GEBXYSOY3MBWKI2SL6A/src/app/components/screens/signup-process/review-policy-screen/review-policy-screen.component.ts
FN:11,(anonymous_2)
FN:16,ReviewPolicyScreenComponent
FN:20,(anonymous_4)
FN:24,(anonymous_5)
FN:28,(anonymous_6)
FNF:5
FNH:1
FNDA:1,(anonymous_2)
FNDA:0,ReviewPolicyScreenComponent
FNDA:0,(anonymous_4)
FNDA:0,(anonymous_5)
FNDA:0,(anonymous_6)
DA:1,1
DA:3,1
DA:11,1
DA:12,1
DA:13,1
DA:14,0
DA:17,0
DA:20,1
DA:21,0
DA:24,1
DA:25,0
DA:28,1
DA:29,0
DA:32,1
LF:14
LH:9
BRF:0
BRH:0
end_of_record
TN:
SF:/var/jenkins_home/workspace/customer-portal-ui_master-57FOZRL6BI452PRGJCGUJAKWDOCNWTZQ4GEBXYSOY3MBWKI2SL6A/src/app/components/screens/signup-process/verify-account-screen/verify-account-screen.component.ts
FN:9,(anonymous_2)
FN:12,VerifyAccountScreenComponent
FN:14,(anonymous_4)
FNF:3
FNH:1
FNDA:1,(anonymous_2)
FNDA:0,VerifyAccountScreenComponent
FNDA:0,(anonymous_4)
DA:1,1
DA:9,1
DA:10,1
DA:14,1
DA:18,1
LF:5
LH:5
BRF:0
BRH:0
end_of_record
TN:
SF:/var/jenkins_home/workspace/customer-portal-ui_master-57FOZRL6BI452PRGJCGUJAKWDOCNWTZQ4GEBXYSOY3MBWKI2SL6A/src/app/components/screens/wallet-passes/onboarding-wallet-back/onboarding-wallet-back.component.ts
FN:12,(anonymous_2)
FN:15,OnboardingWalletBackComponent
FN:20,(anonymous_4)
FN:24,(anonymous_5)
FN:28,(anonymous_6)
FN:34,(anonymous_7)
FN:39,(anonymous_8)
FNF:7
FNH:1
FNDA:1,(anonymous_2)
FNDA:0,OnboardingWalletBackComponent
FNDA:0,(anonymous_4)
FNDA:0,(anonymous_5)
FNDA:0,(anonymous_6)
FNDA:0,(anonymous_7)
FNDA:0,(anonymous_8)
DA:1,1
DA:4,1
DA:5,1
DA:12,1
DA:13,1
DA:16,0
DA:17,0
DA:20,1
DA:21,0
DA:24,1
DA:25,0
DA:29,0
DA:30,0
DA:35,0
DA:39,1
DA:43,1
LF:16
LH:9
BRF:0
BRH:0
end_of_record
TN:
SF:/var/jenkins_home/workspace/customer-portal-ui_master-57FOZRL6BI452PRGJCGUJAKWDOCNWTZQ4GEBXYSOY3MBWKI2SL6A/src/app/components/screens/wallet-passes/onboarding-wallet-back-list/onboarding-wallet-back-list.component.ts
FN:12,(anonymous_2)
FN:15,OnboardingWalletBackListComponent
FN:20,(anonymous_4)
FN:24,(anonymous_5)
FN:28,(anonymous_6)
FN:34,(anonymous_7)
FN:40,(anonymous_8)
FNF:7
FNH:1
FNDA:1,(anonymous_2)
FNDA:0,OnboardingWalletBackListComponent
FNDA:0,(anonymous_4)
FNDA:0,(anonymous_5)
FNDA:0,(anonymous_6)
FNDA:0,(anonymous_7)
FNDA:0,(anonymous_8)
DA:1,1
DA:2,1
DA:5,1
DA:12,1
DA:13,1
DA:16,0
DA:17,0
DA:20,1
DA:21,0
DA:24,1
DA:25,0
DA:29,0
DA:30,0
DA:35,0
DA:40,1
DA:43,1
LF:16
LH:9
BRF:0
BRH:0
end_of_record
TN:
SF:/var/jenkins_home/workspace/customer-portal-ui_master-57FOZRL6BI452PRGJCGUJAKWDOCNWTZQ4GEBXYSOY3MBWKI2SL6A/src/app/components/screens/wallet-passes/onboarding-wallet-front/onboarding-wallet-front.component.ts
FN:9,(anonymous_2)
FN:11,OnboardingWalletFrontComponent
FN:13,(anonymous_4)
FNF:3
FNH:1
FNDA:1,(anonymous_2)
FNDA:0,OnboardingWalletFrontComponent
FNDA:0,(anonymous_4)
DA:1,1
DA:2,1
DA:9,1
DA:11,0
DA:13,1
DA:16,1
LF:6
LH:5
BRF:0
BRH:0
end_of_record
TN:
SF:/var/jenkins_home/workspace/customer-portal-ui_master-57FOZRL6BI452PRGJCGUJAKWDOCNWTZQ4GEBXYSOY3MBWKI2SL6A/src/app/components/screens/wallet-passes/onboarding-wallet-modal/onboarding-wallet-modal.component.ts
FN:11,(anonymous_2)
FN:17,OnboardingWalletModalComponent
FN:29,(anonymous_4)
FN:33,(anonymous_5)
FN:40,(anonymous_6)
FN:49,(anonymous_7)
FN:53,(anonymous_8)
FN:57,(anonymous_9)
FN:62,(anonymous_10)
FNF:9
FNH:1
FNDA:1,(anonymous_2)
FNDA:0,OnboardingWalletModalComponent
FNDA:0,(anonymous_4)
FNDA:0,(anonymous_5)
FNDA:0,(anonymous_6)
FNDA:0,(anonymous_7)
FNDA:0,(anonymous_8)
FNDA:0,(anonymous_9)
FNDA:0,(anonymous_10)
DA:1,1
DA:2,1
DA:3,1
DA:11,1
DA:12,1
DA:13,0
DA:14,0
DA:18,0
DA:20,0
DA:29,1
DA:30,0
DA:33,1
DA:34,0
DA:35,0
DA:36,0
DA:40,1
DA:41,0
DA:42,0
DA:45,0
DA:49,1
DA:50,0
DA:53,1
DA:54,0
DA:57,1
DA:58,0
DA:59,0
DA:62,1
DA:63,0
DA:66,1
LF:29
LH:13
BRDA:35,0,0,0
BRDA:35,0,1,0
BRDA:41,1,0,0
BRDA:41,1,1,0
BRDA:41,2,0,0
BRDA:41,2,1,0
BRDA:50,3,0,0
BRDA:50,3,1,0
BRDA:54,4,0,0
BRDA:54,4,1,0
BRF:10
BRH:0
end_of_record
TN:
SF:/var/jenkins_home/workspace/customer-portal-ui_master-57FOZRL6BI452PRGJCGUJAKWDOCNWTZQ4GEBXYSOY3MBWKI2SL6A/src/app/routes/create-new-password/create-new-password.component.ts
FN:13,(anonymous_2)
FN:20,CreateNewPasswordComponent
FN:29,(anonymous_4)
FN:35,(anonymous_5)
FN:43,(anonymous_6)
FN:47,(anonymous_7)
FN:55,(anonymous_8)
FN:59,(anonymous_9)
FN:60,(anonymous_10)
FNF:9
FNH:9
FNDA:1,(anonymous_2)
FNDA:8,CreateNewPasswordComponent
FNDA:2,(anonymous_4)
FNDA:11,(anonymous_5)
FNDA:9,(anonymous_6)
FNDA:1,(anonymous_7)
FNDA:1,(anonymous_8)
FNDA:9,(anonymous_9)
FNDA:9,(anonymous_10)
DA:1,1
DA:2,1
DA:3,1
DA:4,1
DA:13,1
DA:15,8
DA:17,8
DA:18,8
DA:19,8
DA:22,8
DA:23,8
DA:25,8
DA:26,8
DA:29,1
DA:30,2
DA:31,1
DA:35,11
DA:36,11
DA:37,1
DA:39,10
DA:40,10
DA:44,9
DA:45,9
DA:48,1
DA:49,1
DA:55,1
DA:56,1
DA:59,9
DA:60,9
DA:61,9
DA:62,9
DA:66,1
LF:32
LH:32
BRDA:30,0,0,1
BRDA:30,0,1,1
BRDA:36,1,0,1
BRDA:36,1,1,10
BRDA:36,2,0,11
BRDA:36,2,1,10
BRDA:61,3,0,9
BRDA:61,3,1,0
BRF:8
BRH:7
end_of_record
TN:
SF:/var/jenkins_home/workspace/customer-portal-ui_master-57FOZRL6BI452PRGJCGUJAKWDOCNWTZQ4GEBXYSOY3MBWKI2SL6A/src/app/routes/dashboard/dashboard.component.ts
FN:9,(anonymous_2)
FN:10,DashboardComponent
FN:11,(anonymous_4)
FNF:3
FNH:1
FNDA:1,(anonymous_2)
FNDA:0,DashboardComponent
FNDA:0,(anonymous_4)
DA:1,1
DA:9,1
DA:11,1
DA:12,1
LF:4
LH:4
BRF:0
BRH:0
end_of_record
TN:
SF:/var/jenkins_home/workspace/customer-portal-ui_master-57FOZRL6BI452PRGJCGUJAKWDOCNWTZQ4GEBXYSOY3MBWKI2SL6A/src/app/routes/forgot-password/forgot-password.component.ts
FN:13,(anonymous_2)
FN:19,ForgotPasswordComponent
FN:26,(anonymous_4)
FN:28,(anonymous_5)
FN:34,(anonymous_6)
FN:38,(anonymous_7)
FNF:6
FNH:6
FNDA:1,(anonymous_2)
FNDA:6,ForgotPasswordComponent
FNDA:6,(anonymous_4)
FNDA:6,(anonymous_5)
FNDA:1,(anonymous_6)
FNDA:6,(anonymous_7)
DA:1,1
DA:2,1
DA:4,1
DA:13,1
DA:16,6
DA:17,6
DA:20,6
DA:23,6
DA:26,6
DA:27,6
DA:29,6
DA:34,1
DA:35,1
DA:38,1
DA:39,6
DA:41,1
LF:16
LH:16
BRDA:29,0,0,6
BRDA:29,0,1,0
BRF:2
BRH:1
end_of_record
TN:
SF:/var/jenkins_home/workspace/customer-portal-ui_master-57FOZRL6BI452PRGJCGUJAKWDOCNWTZQ4GEBXYSOY3MBWKI2SL6A/src/app/routes/login/login.component.ts
FN:11,(anonymous_2)
FN:15,LoginComponent
FNF:2
FNH:2
FNDA:1,(anonymous_2)
FNDA:3,LoginComponent
DA:1,1
DA:3,1
DA:11,1
DA:16,3
DA:20,1
LF:5
LH:5
BRF:0
BRH:0
end_of_record
TN:
SF:/var/jenkins_home/workspace/customer-portal-ui_master-57FOZRL6BI452PRGJCGUJAKWDOCNWTZQ4GEBXYSOY3MBWKI2SL6A/src/app/routes/signup/signup.component.ts
FN:10,(anonymous_2)
FN:13,SignupComponent
FNF:2
FNH:2
FNDA:1,(anonymous_2)
FNDA:3,SignupComponent
DA:1,1
DA:2,1
DA:10,1
DA:14,3
DA:16,1
LF:5
LH:5
BRF:0
BRH:0
end_of_record
TN:
SF:/var/jenkins_home/workspace/customer-portal-ui_master-57FOZRL6BI452PRGJCGUJAKWDOCNWTZQ4GEBXYSOY3MBWKI2SL6A/src/app/routes/signup/signup-process/signup-process.component.ts
FN:15,(anonymous_2)
FN:23,SignupProcessComponent
FN:45,(anonymous_4)
FN:48,(anonymous_5)
FN:53,(anonymous_6)
FNF:5
FNH:5
FNDA:1,(anonymous_2)
FNDA:3,SignupProcessComponent
FNDA:3,(anonymous_4)
FNDA:3,(anonymous_5)
FNDA:3,(anonymous_6)
DA:1,1
DA:2,1
DA:3,1
DA:4,1
DA:5,1
DA:6,1
DA:8,1
DA:15,1
DA:19,3
DA:24,3
DA:25,3
DA:30,3
DA:31,3
DA:32,3
DA:33,3
DA:45,3
DA:47,3
DA:49,3
DA:53,3
DA:54,3
DA:58,1
LF:21
LH:21
BRF:0
BRH:0
end_of_record
TN:
SF:/var/jenkins_home/workspace/customer-portal-ui_master-57FOZRL6BI452PRGJCGUJAKWDOCNWTZQ4GEBXYSOY3MBWKI2SL6A/src/app/routes/testing/testing.component.ts
FN:9,(anonymous_1)
FNF:1
FNH:1
FNDA:1,(anonymous_1)
DA:1,1
DA:9,1
DA:11,1
LF:3
LH:3
BRF:0
BRH:0
end_of_record
TN:
SF:/var/jenkins_home/workspace/customer-portal-ui_master-57FOZRL6BI452PRGJCGUJAKWDOCNWTZQ4GEBXYSOY3MBWKI2SL6A/src/app/routes/verify-account/verify-account.component.ts
FN:13,(anonymous_2)
FN:16,VerifyAccountComponent
FN:24,(anonymous_4)
FN:28,(anonymous_5)
FN:35,(anonymous_6)
FN:37,(anonymous_7)
FN:43,(anonymous_8)
FNF:7
FNH:1
FNDA:1,(anonymous_2)
FNDA:0,VerifyAccountComponent
FNDA:0,(anonymous_4)
FNDA:0,(anonymous_5)
FNDA:0,(anonymous_6)
FNDA:0,(anonymous_7)
FNDA:0,(anonymous_8)
DA:1,1
DA:2,1
DA:3,1
DA:4,1
DA:6,1
DA:13,1
DA:17,0
DA:18,0
DA:19,0
DA:20,0
DA:21,0
DA:24,1
DA:25,0
DA:26,0
DA:29,0
DA:30,0
DA:35,1
DA:36,0
DA:38,0
DA:41,0
DA:42,0
DA:44,0
DA:45,0
DA:46,0
DA:51,1
LF:25
LH:9
BRDA:25,0,0,0
BRDA:25,0,1,0
BRDA:25,1,0,0
BRDA:25,1,1,0
BRDA:44,2,0,0
BRDA:44,2,1,0
BRDA:45,3,0,0
BRDA:45,3,1,0
BRF:8
BRH:0
end_of_record
TN:
SF:/var/jenkins_home/workspace/customer-portal-ui_master-57FOZRL6BI452PRGJCGUJAKWDOCNWTZQ4GEBXYSOY3MBWKI2SL6A/src/app/routes/wallet-card/wallet-card.component.ts
FN:11,(anonymous_2)
FN:13,WalletCardComponent
FN:18,(anonymous_4)
FN:19,(anonymous_5)
FN:20,(anonymous_6)
FNF:5
FNH:5
FNDA:1,(anonymous_2)
FNDA:1,WalletCardComponent
FNDA:2,(anonymous_4)
FNDA:2,(anonymous_5)
FNDA:1,(anonymous_6)
DA:1,1
DA:2,1
DA:3,1
DA:4,1
DA:11,1
DA:14,1
DA:15,1
DA:18,2
DA:19,2
DA:20,2
DA:21,1
DA:22,1
DA:29,1
LF:13
LH:13
BRF:0
BRH:0
end_of_record
TN:
SF:/var/jenkins_home/workspace/customer-portal-ui_master-57FOZRL6BI452PRGJCGUJAKWDOCNWTZQ4GEBXYSOY3MBWKI2SL6A/src/app/routes/welcome/welcome.component.ts
FN:8,(anonymous_2)
FN:10,WelcomeComponent
FN:12,(anonymous_4)
FNF:3
FNH:3
FNDA:1,(anonymous_2)
FNDA:1,WelcomeComponent
FNDA:1,(anonymous_4)
DA:1,1
DA:8,1
DA:12,1
DA:15,1
LF:4
LH:4
BRF:0
BRH:0
end_of_record
TN:
SF:/var/jenkins_home/workspace/customer-portal-ui_master-57FOZRL6BI452PRGJCGUJAKWDOCNWTZQ4GEBXYSOY3MBWKI2SL6A/src/environments/environment.dev.ts
FNF:0
FNH:0
DA:1,1
LF:1
LH:1
BRF:0
BRH:0
end_of_record
TN:
SF:/var/jenkins_home/workspace/customer-portal-ui_master-57FOZRL6BI452PRGJCGUJAKWDOCNWTZQ4GEBXYSOY3MBWKI2SL6A/src/environments/environment.ts
FNF:0
FNH:0
DA:6,1
LF:1
LH:1
BRF:0
BRH:0
end_of_record
